#
# There is insufficient memory for the Java Runtime Environment to continue.
# Native memory allocation (mmap) failed to map 63963136 bytes for G1 virtual space
# Possible reasons:
#   The system is out of physical RAM or swap space
#   The process is running with CompressedOops enabled, and the Java Heap may be blocking the growth of the native heap
# Possible solutions:
#   Reduce memory load on the system
#   Increase physical memory or swap space
#   Check if swap backing store is full
#   Decrease Java heap size (-Xmx/-Xms)
#   Decrease number of Java threads
#   Decrease Java thread stack sizes (-Xss)
#   Set larger code cache with -XX:ReservedCodeCacheSize=
#   JVM is running with Unscaled Compressed Oops mode in which the Java heap is
#     placed in the first 4GB address space. The Java Heap base address is the
#     maximum limit for the native heap growth. Please use -XX:HeapBaseMinAddress
#     to set the Java Heap base and to place the Java Heap above 4GB virtual address.
# This output file may be truncated or incomplete.
#
#  Out of Memory Error (os_windows.cpp:3469), pid=14464, tid=14560
#
# JRE version: Java(TM) SE Runtime Environment (17.0+35) (build 17+35-LTS-2724)
# Java VM: Java HotSpot(TM) 64-Bit Server VM (17+35-LTS-2724, mixed mode, sharing, tiered, compressed oops, compressed class ptrs, g1 gc, windows-amd64)
# No core dump will be written. Minidumps are not enabled by default on client versions of Windows
#

---------------  S U M M A R Y ------------

Command Line: -agentlib:jdwp=transport=dt_socket,address=127.0.0.1:56012,suspend=y,server=n -javaagent:C:\Users\beckerm\AppData\Local\JetBrains\IdeaIC2021.1\captureAgent\debugger-agent.jar -Dfile.encoding=UTF-8 com.patch.atividade.AtividadeApplication

Host: 12th Gen Intel(R) Core(TM) i3-12100, 8 cores, 7G,  Windows 10 , 64 bit Build 19041 (10.0.19041.2364)
Time: Tue Mar 12 19:19:41 2024 Hora oficial do Brasil elapsed time: 1.945086 seconds (0d 0h 0m 1s)

---------------  T H R E A D  ---------------

Current thread (0x0000020ec60c2c30):  VMThread "VM Thread" [stack: 0x0000004dea700000,0x0000004dea800000] [id=14560]

Stack: [0x0000004dea700000,0x0000004dea800000]
Native frames: (J=compiled Java code, j=interpreted, Vv=VM code, C=native code)
V  [jvm.dll+0x66f8ea]
V  [jvm.dll+0x7ce224]
V  [jvm.dll+0x7cf9ce]
V  [jvm.dll+0x7d0033]
V  [jvm.dll+0x242bb5]
V  [jvm.dll+0x66c909]
V  [jvm.dll+0x6613d2]
V  [jvm.dll+0x30082b]
V  [jvm.dll+0x307db6]
V  [jvm.dll+0x357a0e]
V  [jvm.dll+0x357c3f]
V  [jvm.dll+0x2d7ae8]
V  [jvm.dll+0x2d5db4]
V  [jvm.dll+0x2d53bc]
V  [jvm.dll+0x3287dc]
V  [jvm.dll+0x7d44cb]
V  [jvm.dll+0x7d5204]
V  [jvm.dll+0x7d571c]
V  [jvm.dll+0x7d5af4]
V  [jvm.dll+0x7d5bc0]
V  [jvm.dll+0x77e7ea]
V  [jvm.dll+0x66e715]
C  [ucrtbase.dll+0x21bb2]
C  [KERNEL32.DLL+0x17614]
C  [ntdll.dll+0x526a1]

VM_Operation (0x0000004dec0f9670): CollectForMetadataAllocation, mode: safepoint, requested by thread 0x0000020ec76d77c0


---------------  P R O C E S S  ---------------

Threads class SMR info:
_java_thread_list=0x0000020eca87ae70, length=19, elements={
0x0000020ea62f8a20, 0x0000020ec60c9ca0, 0x0000020ec60cb920, 0x0000020ec60dd540,
0x0000020ec60def00, 0x0000020ec60e0050, 0x0000020ec60e11a0, 0x0000020ec60e5bd0,
0x0000020ec60ecd50, 0x0000020ec61021f0, 0x0000020ec6c8c280, 0x0000020ec6cfe210,
0x0000020ec6decb10, 0x0000020ec6ded000, 0x0000020ec6e34520, 0x0000020ec6e52700,
0x0000020ec76e7d50, 0x0000020ec76d77c0, 0x0000020ec7e6dda0
}

Java Threads: ( => current thread )
  0x0000020ea62f8a20 JavaThread "main" [_thread_blocked, id=9608, stack(0x0000004dea100000,0x0000004dea200000)]
  0x0000020ec60c9ca0 JavaThread "Reference Handler" daemon [_thread_blocked, id=2540, stack(0x0000004dea800000,0x0000004dea900000)]
  0x0000020ec60cb920 JavaThread "Finalizer" daemon [_thread_blocked, id=2016, stack(0x0000004dea900000,0x0000004deaa00000)]
  0x0000020ec60dd540 JavaThread "Signal Dispatcher" daemon [_thread_blocked, id=2604, stack(0x0000004deaa00000,0x0000004deab00000)]
  0x0000020ec60def00 JavaThread "Attach Listener" daemon [_thread_blocked, id=5104, stack(0x0000004deab00000,0x0000004deac00000)]
  0x0000020ec60e0050 JavaThread "Service Thread" daemon [_thread_blocked, id=2608, stack(0x0000004deac00000,0x0000004dead00000)]
  0x0000020ec60e11a0 JavaThread "Monitor Deflation Thread" daemon [_thread_blocked, id=5364, stack(0x0000004dead00000,0x0000004deae00000)]
  0x0000020ec60e5bd0 JavaThread "C2 CompilerThread0" daemon [_thread_blocked, id=4492, stack(0x0000004deae00000,0x0000004deaf00000)]
  0x0000020ec60ecd50 JavaThread "C1 CompilerThread0" daemon [_thread_blocked, id=8488, stack(0x0000004deaf00000,0x0000004deb000000)]
  0x0000020ec61021f0 JavaThread "Sweeper thread" daemon [_thread_blocked, id=5172, stack(0x0000004deb000000,0x0000004deb100000)]
  0x0000020ec6c8c280 JavaThread "Common-Cleaner" daemon [_thread_blocked, id=5312, stack(0x0000004deb100000,0x0000004deb200000)]
  0x0000020ec6cfe210 JavaThread "JDWP Transport Listener: dt_socket" daemon [_thread_blocked, id=2192, stack(0x0000004deb200000,0x0000004deb300000)]
  0x0000020ec6decb10 JavaThread "JDWP Event Helper Thread" daemon [_thread_blocked, id=9096, stack(0x0000004deb300000,0x0000004deb400000)]
  0x0000020ec6ded000 JavaThread "JDWP Command Reader" daemon [_thread_in_native, id=7884, stack(0x0000004deb400000,0x0000004deb500000)]
  0x0000020ec6e34520 JavaThread "C2 CompilerThread1" daemon [_thread_in_native, id=16796, stack(0x0000004deb500000,0x0000004deb600000)]
  0x0000020ec6e52700 JavaThread "Notification Thread" daemon [_thread_blocked, id=1136, stack(0x0000004deb600000,0x0000004deb700000)]
  0x0000020ec76e7d50 JavaThread "Thread-0" [_thread_blocked, id=14384, stack(0x0000004debf00000,0x0000004dec000000)]
  0x0000020ec76d77c0 JavaThread "restartedMain" [_thread_blocked, id=1920, stack(0x0000004dec000000,0x0000004dec100000)]
  0x0000020ec7e6dda0 JavaThread "C2 CompilerThread2" daemon [_thread_blocked, id=4596, stack(0x0000004dec200000,0x0000004dec300000)]

Other Threads:
=>0x0000020ec60c2c30 VMThread "VM Thread" [stack: 0x0000004dea700000,0x0000004dea800000] [id=14560]
  0x0000020ec70c8a50 WatcherThread [stack: 0x0000004deb700000,0x0000004deb800000] [id=15944]
  0x0000020ea63361c0 GCTaskThread "GC Thread#0" [stack: 0x0000004dea200000,0x0000004dea300000] [id=18100]
  0x0000020ec74cba20 GCTaskThread "GC Thread#1" [stack: 0x0000004deb800000,0x0000004deb900000] [id=15072]
  0x0000020ec78e0a00 GCTaskThread "GC Thread#2" [stack: 0x0000004deb900000,0x0000004deba00000] [id=10952]
  0x0000020ec78e0cb0 GCTaskThread "GC Thread#3" [stack: 0x0000004deba00000,0x0000004debb00000] [id=12752]
  0x0000020ec78e0f60 GCTaskThread "GC Thread#4" [stack: 0x0000004debb00000,0x0000004debc00000] [id=11144]
  0x0000020ec76cdb30 GCTaskThread "GC Thread#5" [stack: 0x0000004debc00000,0x0000004debd00000] [id=2348]
  0x0000020ec78e5220 GCTaskThread "GC Thread#6" [stack: 0x0000004debd00000,0x0000004debe00000] [id=3776]
  0x0000020ec76cfdf0 GCTaskThread "GC Thread#7" [stack: 0x0000004debe00000,0x0000004debf00000] [id=5348]
  0x0000020ea6346780 ConcurrentGCThread "G1 Main Marker" [stack: 0x0000004dea300000,0x0000004dea400000] [id=9228]
  0x0000020ea6347930 ConcurrentGCThread "G1 Conc#0" [stack: 0x0000004dea400000,0x0000004dea500000] [id=12760]
  0x0000020ea63bea00 ConcurrentGCThread "G1 Refine#0" [stack: 0x0000004dea500000,0x0000004dea600000] [id=9020]
  0x0000020ec5f805e0 ConcurrentGCThread "G1 Service" [stack: 0x0000004dea600000,0x0000004dea700000] [id=16620]

Threads with active compile tasks:
C2 CompilerThread1     1962 2484       4       jdk.internal.module.SystemModuleFinders$SystemModuleReader::find (59 bytes)
C2 CompilerThread2     1962 2700       4       org.springframework.util.ConcurrentReferenceHashMap$Segment::getReference (55 bytes)

VM state: at safepoint (normal execution)

VM Mutex/Monitor currently owned by a thread:  ([mutex/lock_event])
[0x0000020ea62f3510] Threads_lock - owner thread: 0x0000020ec60c2c30
[0x0000020ea62f3f30] Heap_lock - owner thread: 0x0000020ec76d77c0

Heap address: 0x0000000084c00000, size: 1972 MB, Compressed Oops mode: 32-bit

CDS archive(s) mapped at: [0x0000000800000000-0x0000000800bc0000-0x0000000800bc0000), size 12320768, SharedBaseAddress: 0x0000000800000000, ArchiveRelocationMode: 0.
Compressed class space mapped at: 0x0000000800c00000-0x0000000840c00000, reserved size: 1073741824
Narrow klass base: 0x0000000800000000, Narrow klass shift: 0, Narrow klass range: 0x100000000

GC Precious Log:
 CPUs: 8 total, 8 available
 Memory: 7880M
 Large Page Support: Disabled
 NUMA Support: Disabled
 Compressed Oops: Enabled (32-bit)
 Heap Region Size: 1M
 Heap Min Capacity: 8M
 Heap Initial Capacity: 124M
 Heap Max Capacity: 1972M
 Pre-touch: Disabled
 Parallel Workers: 8
 Concurrent Workers: 2
 Concurrent Refinement Workers: 8
 Periodic GC: Disabled

Heap:
 garbage-first heap   total 126976K, used 14449K [0x0000000084c00000, 0x0000000100000000)
  region size 1024K, 4 young (4096K), 4 survivors (4096K)
 Metaspace       used 21246K, committed 21504K, reserved 1073152K
  class space    used 2683K, committed 2816K, reserved 1048576K

Heap Regions: E=young(eden), S=young(survivor), O=old, HS=humongous(starts), HC=humongous(continues), CS=collection set, F=free, OA=open archive, CA=closed archive, TAMS=top-at-mark-start (previous, next)
|   0|0x0000000084c00000, 0x0000000084d00000, 0x0000000084d00000|100%|HS|  |TAMS 0x0000000084c00000, 0x0000000084d00000| Complete 
|   1|0x0000000084d00000, 0x0000000084e00000, 0x0000000084e00000|100%| O|  |TAMS 0x0000000084d00000, 0x0000000084e00000| Untracked 
|   2|0x0000000084e00000, 0x0000000084f00000, 0x0000000084f00000|100%| O|  |TAMS 0x0000000084e00000, 0x0000000084f00000| Untracked 
|   3|0x0000000084f00000, 0x0000000085000000, 0x0000000085000000|100%| O|  |TAMS 0x0000000084f00000, 0x0000000085000000| Untracked 
|   4|0x0000000085000000, 0x0000000085100000, 0x0000000085100000|100%| O|  |TAMS 0x0000000085000000, 0x0000000085100000| Untracked 
|   5|0x0000000085100000, 0x0000000085200000, 0x0000000085200000|100%| O|  |TAMS 0x0000000085100000, 0x0000000085200000| Untracked 
|   6|0x0000000085200000, 0x0000000085300000, 0x0000000085300000|100%| O|  |TAMS 0x0000000085200000, 0x0000000085300000| Untracked 
|   7|0x0000000085300000, 0x0000000085400000, 0x0000000085400000|100%| O|  |TAMS 0x0000000085300000, 0x0000000085328800| Untracked 
|   8|0x0000000085400000, 0x0000000085500000, 0x0000000085500000|100%| O|  |TAMS 0x0000000085400000, 0x0000000085400000| Untracked 
|   9|0x0000000085500000, 0x0000000085600000, 0x0000000085600000|100%| O|  |TAMS 0x0000000085500000, 0x0000000085500000| Untracked 
|  10|0x0000000085600000, 0x0000000085641a00, 0x0000000085700000| 25%| O|  |TAMS 0x0000000085600000, 0x0000000085600000| Untracked 
|  11|0x0000000085700000, 0x0000000085700000, 0x0000000085800000|  0%| F|  |TAMS 0x0000000085700000, 0x0000000085700000| Untracked 
|  12|0x0000000085800000, 0x0000000085800000, 0x0000000085900000|  0%| F|  |TAMS 0x0000000085800000, 0x0000000085800000| Untracked 
|  13|0x0000000085900000, 0x0000000085900000, 0x0000000085a00000|  0%| F|  |TAMS 0x0000000085900000, 0x0000000085900000| Untracked 
|  14|0x0000000085a00000, 0x0000000085a00000, 0x0000000085b00000|  0%| F|  |TAMS 0x0000000085a00000, 0x0000000085a00000| Untracked 
|  15|0x0000000085b00000, 0x0000000085b00000, 0x0000000085c00000|  0%| F|  |TAMS 0x0000000085b00000, 0x0000000085b00000| Untracked 
|  16|0x0000000085c00000, 0x0000000085c00000, 0x0000000085d00000|  0%| F|  |TAMS 0x0000000085c00000, 0x0000000085c00000| Untracked 
|  17|0x0000000085d00000, 0x0000000085d00000, 0x0000000085e00000|  0%| F|  |TAMS 0x0000000085d00000, 0x0000000085d00000| Untracked 
|  18|0x0000000085e00000, 0x0000000085e00000, 0x0000000085f00000|  0%| F|  |TAMS 0x0000000085e00000, 0x0000000085e00000| Untracked 
|  19|0x0000000085f00000, 0x0000000085f00000, 0x0000000086000000|  0%| F|  |TAMS 0x0000000085f00000, 0x0000000085f00000| Untracked 
|  20|0x0000000086000000, 0x0000000086000000, 0x0000000086100000|  0%| F|  |TAMS 0x0000000086000000, 0x0000000086000000| Untracked 
|  21|0x0000000086100000, 0x0000000086100000, 0x0000000086200000|  0%| F|  |TAMS 0x0000000086100000, 0x0000000086100000| Untracked 
|  22|0x0000000086200000, 0x0000000086200000, 0x0000000086300000|  0%| F|  |TAMS 0x0000000086200000, 0x0000000086200000| Untracked 
|  23|0x0000000086300000, 0x0000000086300000, 0x0000000086400000|  0%| F|  |TAMS 0x0000000086300000, 0x0000000086300000| Untracked 
|  24|0x0000000086400000, 0x0000000086400000, 0x0000000086500000|  0%| F|  |TAMS 0x0000000086400000, 0x0000000086400000| Untracked 
|  25|0x0000000086500000, 0x0000000086500000, 0x0000000086600000|  0%| F|  |TAMS 0x0000000086500000, 0x0000000086500000| Untracked 
|  26|0x0000000086600000, 0x0000000086600000, 0x0000000086700000|  0%| F|  |TAMS 0x0000000086600000, 0x0000000086600000| Untracked 
|  27|0x0000000086700000, 0x0000000086700000, 0x0000000086800000|  0%| F|  |TAMS 0x0000000086700000, 0x0000000086700000| Untracked 
|  28|0x0000000086800000, 0x0000000086800000, 0x0000000086900000|  0%| F|  |TAMS 0x0000000086800000, 0x0000000086800000| Untracked 
|  29|0x0000000086900000, 0x0000000086900000, 0x0000000086a00000|  0%| F|  |TAMS 0x0000000086900000, 0x0000000086900000| Untracked 
|  30|0x0000000086a00000, 0x0000000086a00000, 0x0000000086b00000|  0%| F|  |TAMS 0x0000000086a00000, 0x0000000086a00000| Untracked 
|  31|0x0000000086b00000, 0x0000000086b00000, 0x0000000086c00000|  0%| F|  |TAMS 0x0000000086b00000, 0x0000000086b00000| Untracked 
|  32|0x0000000086c00000, 0x0000000086c00000, 0x0000000086d00000|  0%| F|  |TAMS 0x0000000086c00000, 0x0000000086c00000| Untracked 
|  33|0x0000000086d00000, 0x0000000086d00000, 0x0000000086e00000|  0%| F|  |TAMS 0x0000000086d00000, 0x0000000086d00000| Untracked 
|  34|0x0000000086e00000, 0x0000000086e00000, 0x0000000086f00000|  0%| F|  |TAMS 0x0000000086e00000, 0x0000000086e00000| Untracked 
|  35|0x0000000086f00000, 0x0000000086f00000, 0x0000000087000000|  0%| F|  |TAMS 0x0000000086f00000, 0x0000000086f00000| Untracked 
|  36|0x0000000087000000, 0x0000000087000000, 0x0000000087100000|  0%| F|  |TAMS 0x0000000087000000, 0x0000000087000000| Untracked 
|  37|0x0000000087100000, 0x0000000087100000, 0x0000000087200000|  0%| F|  |TAMS 0x0000000087100000, 0x0000000087100000| Untracked 
|  38|0x0000000087200000, 0x0000000087200000, 0x0000000087300000|  0%| F|  |TAMS 0x0000000087200000, 0x0000000087200000| Untracked 
|  39|0x0000000087300000, 0x0000000087300000, 0x0000000087400000|  0%| F|  |TAMS 0x0000000087300000, 0x0000000087300000| Untracked 
|  40|0x0000000087400000, 0x0000000087400000, 0x0000000087500000|  0%| F|  |TAMS 0x0000000087400000, 0x0000000087400000| Untracked 
|  41|0x0000000087500000, 0x0000000087500000, 0x0000000087600000|  0%| F|  |TAMS 0x0000000087500000, 0x0000000087500000| Untracked 
|  42|0x0000000087600000, 0x0000000087600000, 0x0000000087700000|  0%| F|  |TAMS 0x0000000087600000, 0x0000000087600000| Untracked 
|  43|0x0000000087700000, 0x0000000087700000, 0x0000000087800000|  0%| F|  |TAMS 0x0000000087700000, 0x0000000087700000| Untracked 
|  44|0x0000000087800000, 0x0000000087800000, 0x0000000087900000|  0%| F|  |TAMS 0x0000000087800000, 0x0000000087800000| Untracked 
|  45|0x0000000087900000, 0x0000000087900000, 0x0000000087a00000|  0%| F|  |TAMS 0x0000000087900000, 0x0000000087900000| Untracked 
|  46|0x0000000087a00000, 0x0000000087a00000, 0x0000000087b00000|  0%| F|  |TAMS 0x0000000087a00000, 0x0000000087a00000| Untracked 
|  47|0x0000000087b00000, 0x0000000087b00000, 0x0000000087c00000|  0%| F|  |TAMS 0x0000000087b00000, 0x0000000087b00000| Untracked 
|  48|0x0000000087c00000, 0x0000000087c00000, 0x0000000087d00000|  0%| F|  |TAMS 0x0000000087c00000, 0x0000000087c00000| Untracked 
|  49|0x0000000087d00000, 0x0000000087d00000, 0x0000000087e00000|  0%| F|  |TAMS 0x0000000087d00000, 0x0000000087d00000| Untracked 
|  50|0x0000000087e00000, 0x0000000087e00000, 0x0000000087f00000|  0%| F|  |TAMS 0x0000000087e00000, 0x0000000087e00000| Untracked 
|  51|0x0000000087f00000, 0x0000000087f00000, 0x0000000088000000|  0%| F|  |TAMS 0x0000000087f00000, 0x0000000087f00000| Untracked 
|  52|0x0000000088000000, 0x0000000088000000, 0x0000000088100000|  0%| F|  |TAMS 0x0000000088000000, 0x0000000088000000| Untracked 
|  53|0x0000000088100000, 0x0000000088100000, 0x0000000088200000|  0%| F|  |TAMS 0x0000000088100000, 0x0000000088100000| Untracked 
|  54|0x0000000088200000, 0x0000000088200000, 0x0000000088300000|  0%| F|  |TAMS 0x0000000088200000, 0x0000000088200000| Untracked 
|  55|0x0000000088300000, 0x0000000088300000, 0x0000000088400000|  0%| F|  |TAMS 0x0000000088300000, 0x0000000088300000| Untracked 
|  56|0x0000000088400000, 0x0000000088400000, 0x0000000088500000|  0%| F|  |TAMS 0x0000000088400000, 0x0000000088400000| Untracked 
|  57|0x0000000088500000, 0x0000000088500000, 0x0000000088600000|  0%| F|  |TAMS 0x0000000088500000, 0x0000000088500000| Untracked 
|  58|0x0000000088600000, 0x0000000088600000, 0x0000000088700000|  0%| F|  |TAMS 0x0000000088600000, 0x0000000088600000| Untracked 
|  59|0x0000000088700000, 0x0000000088700000, 0x0000000088800000|  0%| F|  |TAMS 0x0000000088700000, 0x0000000088700000| Untracked 
|  60|0x0000000088800000, 0x0000000088800000, 0x0000000088900000|  0%| F|  |TAMS 0x0000000088800000, 0x0000000088800000| Untracked 
|  61|0x0000000088900000, 0x0000000088900000, 0x0000000088a00000|  0%| F|  |TAMS 0x0000000088900000, 0x0000000088900000| Untracked 
|  62|0x0000000088a00000, 0x0000000088a00000, 0x0000000088b00000|  0%| F|  |TAMS 0x0000000088a00000, 0x0000000088a00000| Untracked 
|  63|0x0000000088b00000, 0x0000000088b00000, 0x0000000088c00000|  0%| F|  |TAMS 0x0000000088b00000, 0x0000000088b00000| Untracked 
|  64|0x0000000088c00000, 0x0000000088c00000, 0x0000000088d00000|  0%| F|  |TAMS 0x0000000088c00000, 0x0000000088c00000| Untracked 
|  65|0x0000000088d00000, 0x0000000088d00000, 0x0000000088e00000|  0%| F|  |TAMS 0x0000000088d00000, 0x0000000088d00000| Untracked 
|  66|0x0000000088e00000, 0x0000000088e00000, 0x0000000088f00000|  0%| F|  |TAMS 0x0000000088e00000, 0x0000000088e00000| Untracked 
|  67|0x0000000088f00000, 0x0000000088f00000, 0x0000000089000000|  0%| F|  |TAMS 0x0000000088f00000, 0x0000000088f00000| Untracked 
|  68|0x0000000089000000, 0x0000000089000000, 0x0000000089100000|  0%| F|  |TAMS 0x0000000089000000, 0x0000000089000000| Untracked 
|  69|0x0000000089100000, 0x0000000089100000, 0x0000000089200000|  0%| F|  |TAMS 0x0000000089100000, 0x0000000089100000| Untracked 
|  70|0x0000000089200000, 0x0000000089200000, 0x0000000089300000|  0%| F|  |TAMS 0x0000000089200000, 0x0000000089200000| Untracked 
|  71|0x0000000089300000, 0x0000000089300000, 0x0000000089400000|  0%| F|  |TAMS 0x0000000089300000, 0x0000000089300000| Untracked 
|  72|0x0000000089400000, 0x0000000089400000, 0x0000000089500000|  0%| F|  |TAMS 0x0000000089400000, 0x0000000089400000| Untracked 
|  73|0x0000000089500000, 0x0000000089500000, 0x0000000089600000|  0%| F|  |TAMS 0x0000000089500000, 0x0000000089500000| Untracked 
|  74|0x0000000089600000, 0x0000000089600000, 0x0000000089700000|  0%| F|  |TAMS 0x0000000089600000, 0x0000000089600000| Untracked 
|  75|0x0000000089700000, 0x0000000089700000, 0x0000000089800000|  0%| F|  |TAMS 0x0000000089700000, 0x0000000089700000| Untracked 
|  76|0x0000000089800000, 0x0000000089800000, 0x0000000089900000|  0%| F|  |TAMS 0x0000000089800000, 0x0000000089800000| Untracked 
|  77|0x0000000089900000, 0x0000000089900000, 0x0000000089a00000|  0%| F|  |TAMS 0x0000000089900000, 0x0000000089900000| Untracked 
|  78|0x0000000089a00000, 0x0000000089a00000, 0x0000000089b00000|  0%| F|  |TAMS 0x0000000089a00000, 0x0000000089a00000| Untracked 
|  79|0x0000000089b00000, 0x0000000089b00000, 0x0000000089c00000|  0%| F|  |TAMS 0x0000000089b00000, 0x0000000089b00000| Untracked 
|  80|0x0000000089c00000, 0x0000000089c00000, 0x0000000089d00000|  0%| F|  |TAMS 0x0000000089c00000, 0x0000000089c00000| Untracked 
|  81|0x0000000089d00000, 0x0000000089d00000, 0x0000000089e00000|  0%| F|  |TAMS 0x0000000089d00000, 0x0000000089d00000| Untracked 
|  82|0x0000000089e00000, 0x0000000089e00000, 0x0000000089f00000|  0%| F|  |TAMS 0x0000000089e00000, 0x0000000089e00000| Untracked 
|  83|0x0000000089f00000, 0x0000000089f00000, 0x000000008a000000|  0%| F|  |TAMS 0x0000000089f00000, 0x0000000089f00000| Untracked 
|  84|0x000000008a000000, 0x000000008a000000, 0x000000008a100000|  0%| F|  |TAMS 0x000000008a000000, 0x000000008a000000| Untracked 
|  85|0x000000008a100000, 0x000000008a100000, 0x000000008a200000|  0%| F|  |TAMS 0x000000008a100000, 0x000000008a100000| Untracked 
|  86|0x000000008a200000, 0x000000008a200000, 0x000000008a300000|  0%| F|  |TAMS 0x000000008a200000, 0x000000008a200000| Untracked 
|  87|0x000000008a300000, 0x000000008a300000, 0x000000008a400000|  0%| F|  |TAMS 0x000000008a300000, 0x000000008a300000| Untracked 
|  88|0x000000008a400000, 0x000000008a400000, 0x000000008a500000|  0%| F|  |TAMS 0x000000008a400000, 0x000000008a400000| Untracked 
|  89|0x000000008a500000, 0x000000008a500000, 0x000000008a600000|  0%| F|  |TAMS 0x000000008a500000, 0x000000008a500000| Untracked 
|  90|0x000000008a600000, 0x000000008a600000, 0x000000008a700000|  0%| F|  |TAMS 0x000000008a600000, 0x000000008a600000| Untracked 
|  91|0x000000008a700000, 0x000000008a700000, 0x000000008a800000|  0%| F|  |TAMS 0x000000008a700000, 0x000000008a700000| Untracked 
|  92|0x000000008a800000, 0x000000008a800000, 0x000000008a900000|  0%| F|  |TAMS 0x000000008a800000, 0x000000008a800000| Untracked 
|  93|0x000000008a900000, 0x000000008a900000, 0x000000008aa00000|  0%| F|  |TAMS 0x000000008a900000, 0x000000008a900000| Untracked 
|  94|0x000000008aa00000, 0x000000008aa00000, 0x000000008ab00000|  0%| F|  |TAMS 0x000000008aa00000, 0x000000008aa00000| Untracked 
|  95|0x000000008ab00000, 0x000000008ab00000, 0x000000008ac00000|  0%| F|  |TAMS 0x000000008ab00000, 0x000000008ab00000| Untracked 
|  96|0x000000008ac00000, 0x000000008ac00000, 0x000000008ad00000|  0%| F|  |TAMS 0x000000008ac00000, 0x000000008ac00000| Untracked 
|  97|0x000000008ad00000, 0x000000008ad00000, 0x000000008ae00000|  0%| F|  |TAMS 0x000000008ad00000, 0x000000008ad00000| Untracked 
|  98|0x000000008ae00000, 0x000000008ae00000, 0x000000008af00000|  0%| F|  |TAMS 0x000000008ae00000, 0x000000008ae00000| Untracked 
|  99|0x000000008af00000, 0x000000008af00000, 0x000000008b000000|  0%| F|  |TAMS 0x000000008af00000, 0x000000008af00000| Untracked 
| 100|0x000000008b000000, 0x000000008b000000, 0x000000008b100000|  0%| F|  |TAMS 0x000000008b000000, 0x000000008b000000| Untracked 
| 101|0x000000008b100000, 0x000000008b100000, 0x000000008b200000|  0%| F|  |TAMS 0x000000008b100000, 0x000000008b100000| Untracked 
| 102|0x000000008b200000, 0x000000008b200000, 0x000000008b300000|  0%| F|  |TAMS 0x000000008b200000, 0x000000008b200000| Untracked 
| 103|0x000000008b300000, 0x000000008b3dab50, 0x000000008b400000| 85%| S|CS|TAMS 0x000000008b300000, 0x000000008b300000| Complete 
| 104|0x000000008b400000, 0x000000008b500000, 0x000000008b500000|100%| S|CS|TAMS 0x000000008b400000, 0x000000008b400000| Complete 
| 105|0x000000008b500000, 0x000000008b600000, 0x000000008b600000|100%| S|CS|TAMS 0x000000008b500000, 0x000000008b500000| Complete 
| 106|0x000000008b600000, 0x000000008b700000, 0x000000008b700000|100%| S|CS|TAMS 0x000000008b600000, 0x000000008b600000| Complete 
| 107|0x000000008b700000, 0x000000008b700000, 0x000000008b800000|  0%| F|  |TAMS 0x000000008b700000, 0x000000008b700000| Untracked 
| 108|0x000000008b800000, 0x000000008b800000, 0x000000008b900000|  0%| F|  |TAMS 0x000000008b800000, 0x000000008b800000| Untracked 
| 109|0x000000008b900000, 0x000000008b900000, 0x000000008ba00000|  0%| F|  |TAMS 0x000000008b900000, 0x000000008b900000| Untracked 
| 110|0x000000008ba00000, 0x000000008ba00000, 0x000000008bb00000|  0%| F|  |TAMS 0x000000008ba00000, 0x000000008ba00000| Untracked 
| 111|0x000000008bb00000, 0x000000008bb00000, 0x000000008bc00000|  0%| F|  |TAMS 0x000000008bb00000, 0x000000008bb00000| Untracked 
| 112|0x000000008bc00000, 0x000000008bc00000, 0x000000008bd00000|  0%| F|  |TAMS 0x000000008bc00000, 0x000000008bc00000| Untracked 
| 113|0x000000008bd00000, 0x000000008bd00000, 0x000000008be00000|  0%| F|  |TAMS 0x000000008bd00000, 0x000000008bd00000| Untracked 
| 114|0x000000008be00000, 0x000000008be00000, 0x000000008bf00000|  0%| F|  |TAMS 0x000000008be00000, 0x000000008be00000| Untracked 
| 115|0x000000008bf00000, 0x000000008bf00000, 0x000000008c000000|  0%| F|  |TAMS 0x000000008bf00000, 0x000000008bf00000| Untracked 
| 116|0x000000008c000000, 0x000000008c000000, 0x000000008c100000|  0%| F|  |TAMS 0x000000008c000000, 0x000000008c000000| Untracked 
| 117|0x000000008c100000, 0x000000008c100000, 0x000000008c200000|  0%| F|  |TAMS 0x000000008c100000, 0x000000008c100000| Untracked 
| 118|0x000000008c200000, 0x000000008c200000, 0x000000008c300000|  0%| F|  |TAMS 0x000000008c200000, 0x000000008c200000| Untracked 
| 119|0x000000008c300000, 0x000000008c300000, 0x000000008c400000|  0%| F|  |TAMS 0x000000008c300000, 0x000000008c300000| Untracked 
| 120|0x000000008c400000, 0x000000008c400000, 0x000000008c500000|  0%| F|  |TAMS 0x000000008c400000, 0x000000008c400000| Untracked 
| 121|0x000000008c500000, 0x000000008c500000, 0x000000008c600000|  0%| F|  |TAMS 0x000000008c500000, 0x000000008c500000| Untracked 
| 122|0x000000008c600000, 0x000000008c600000, 0x000000008c700000|  0%| F|  |TAMS 0x000000008c600000, 0x000000008c600000| Untracked 
| 123|0x000000008c700000, 0x000000008c700000, 0x000000008c800000|  0%| F|  |TAMS 0x000000008c700000, 0x000000008c700000| Untracked 

Card table byte_map: [0x0000020ebf110000,0x0000020ebf4f0000] _byte_map_base: 0x0000020ebecea000

Marking Bits (Prev, Next): (CMBitMap*) 0x0000020ea63367d0, (CMBitMap*) 0x0000020ea6336810
 Prev Bits: [0x0000020ebf8d0000, 0x0000020ec17a0000)
 Next Bits: [0x0000020ec17a0000, 0x0000020ec3670000)

Polling page: 0x0000020ea6280000

Metaspace:

Usage:
  Non-class:     18.13 MB used.
      Class:      2.62 MB used.
       Both:     20.75 MB used.

Virtual space:
  Non-class space:       24.00 MB reserved,      18.25 MB ( 76%) committed,  3 nodes.
      Class space:        1.00 GB reserved,       2.75 MB ( <1%) committed,  1 nodes.
             Both:        1.02 GB reserved,      21.00 MB (  2%) committed. 

Chunk freelists:
   Non-Class:  1.69 MB
       Class:  1.07 MB
        Both:  2.75 MB

MaxMetaspaceSize: unlimited
CompressedClassSpaceSize: 1.00 GB
Initial GC threshold: 21.00 MB
Current GC threshold: 21.00 MB
CDS: on
MetaspaceReclaimPolicy: balanced
 - commit_granule_bytes: 65536.
 - commit_granule_words: 8192.
 - virtual_space_node_default_size: 1048576.
 - enlarge_chunks_in_place: 1.
 - new_chunks_are_fully_committed: 0.
 - uncommit_free_chunks: 1.
 - use_allocation_guard: 0.
 - handle_deallocations: 1.


Internal statistics:

num_allocs_failed_limit: 3.
num_arena_births: 232.
num_arena_deaths: 0.
num_vsnodes_births: 4.
num_vsnodes_deaths: 0.
num_space_committed: 336.
num_space_uncommitted: 0.
num_chunks_returned_to_freelist: 3.
num_chunks_taken_from_freelist: 945.
num_chunk_merges: 3.
num_chunk_splits: 664.
num_chunks_enlarged: 518.
num_purges: 0.
num_inconsistent_stats: 0.

CodeHeap 'non-profiled nmethods': size=120000Kb used=1378Kb max_used=1378Kb free=118622Kb
 bounds [0x0000020eb6d90000, 0x0000020eb7000000, 0x0000020ebe2c0000]
CodeHeap 'profiled nmethods': size=120000Kb used=5972Kb max_used=5972Kb free=114027Kb
 bounds [0x0000020eaf860000, 0x0000020eafe40000, 0x0000020eb6d90000]
CodeHeap 'non-nmethods': size=5760Kb used=1270Kb max_used=1335Kb free=4489Kb
 bounds [0x0000020eaf2c0000, 0x0000020eaf530000, 0x0000020eaf860000]
 total_blobs=3248 nmethods=2746 adapters=414
 compilation: enabled
              stopped_count=0, restarted_count=0
 full_count=0

Compilation events (20 events):
Event: 1.927 Thread 0x0000020ec7e6dda0 nmethod 2698 0x0000020eb6ee3d10 code [0x0000020eb6ee3f60, 0x0000020eb6ee5340]
Event: 1.927 Thread 0x0000020ec60ecd50 nmethod 2746 0x0000020eafe30010 code [0x0000020eafe30280, 0x0000020eafe30c38]
Event: 1.927 Thread 0x0000020ec7e6dda0 2701       4       java.lang.invoke.Invokers$Holder::linkToTargetMethod (9 bytes)
Event: 1.927 Thread 0x0000020ec60ecd50 2741       3       java.lang.invoke.MethodHandles$Lookup::checkMethodName (45 bytes)
Event: 1.928 Thread 0x0000020ec60ecd50 nmethod 2741 0x0000020eafe31010 code [0x0000020eafe31260, 0x0000020eafe319c8]
Event: 1.928 Thread 0x0000020ec60ecd50 2744       3       java.lang.invoke.InnerClassLambdaMetafactory$ForwardingMethodGenerator::invocationOpcode (104 bytes)
Event: 1.928 Thread 0x0000020ec60e5bd0 nmethod 2699 0x0000020eb6ee6190 code [0x0000020eb6ee6380, 0x0000020eb6ee73f8]
Event: 1.928 Thread 0x0000020ec7e6dda0 nmethod 2701 0x0000020eb6ee7d90 code [0x0000020eb6ee7f20, 0x0000020eb6ee8018]
Event: 1.928 Thread 0x0000020ec7e6dda0 2700       4       org.springframework.util.ConcurrentReferenceHashMap$Segment::getReference (55 bytes)
Event: 1.928 Thread 0x0000020ec60e5bd0 2747       4       java.util.HashMap::<init> (11 bytes)
Event: 1.928 Thread 0x0000020ec60ecd50 nmethod 2744 0x0000020eafe31c90 code [0x0000020eafe31f00, 0x0000020eafe32738]
Event: 1.928 Thread 0x0000020ec60ecd50 2745       3       java.lang.invoke.InnerClassLambdaMetafactory::getReturnOpcode (20 bytes)
Event: 1.928 Thread 0x0000020ec60ecd50 nmethod 2745 0x0000020eafe32a10 code [0x0000020eafe32bc0, 0x0000020eafe32d68]
Event: 1.928 Thread 0x0000020ec60ecd50 2748       3       java.util.stream.SpinedBuffer::accept (94 bytes)
Event: 1.928 Thread 0x0000020ec60e5bd0 nmethod 2747 0x0000020eb6ee8110 code [0x0000020eb6ee8280, 0x0000020eb6ee82f8]
Event: 1.928 Thread 0x0000020ec60e5bd0 2713       4       org.springframework.util.ConcurrentReferenceHashMap::getHash (64 bytes)
Event: 1.928 Thread 0x0000020ec60ecd50 nmethod 2748 0x0000020eafe32e10 code [0x0000020eafe33000, 0x0000020eafe33948]
Event: 1.928 Thread 0x0000020ec60ecd50 2749       3       java.lang.invoke.ClassSpecializer$SpeciesData::transformHelper (56 bytes)
Event: 1.929 Thread 0x0000020ec60ecd50 nmethod 2749 0x0000020eafe33b90 code [0x0000020eafe33e20, 0x0000020eafe34ee8]
Event: 1.929 Thread 0x0000020ec60e5bd0 nmethod 2713 0x0000020eb6ee8410 code [0x0000020eb6ee85a0, 0x0000020eb6ee86f8]

GC Heap History (13 events):
Event: 0.861 GC heap before
{Heap before GC invocations=0 (full 0):
 garbage-first heap   total 126976K, used 23552K [0x0000000084c00000, 0x0000000100000000)
  region size 1024K, 23 young (23552K), 0 survivors (0K)
 Metaspace       used 4525K, committed 4736K, reserved 1056768K
  class space    used 504K, committed 576K, reserved 1048576K
}
Event: 0.865 GC heap after
{Heap after GC invocations=1 (full 0):
 garbage-first heap   total 126976K, used 7150K [0x0000000084c00000, 0x0000000100000000)
  region size 1024K, 3 young (3072K), 3 survivors (3072K)
 Metaspace       used 4525K, committed 4736K, reserved 1056768K
  class space    used 504K, committed 576K, reserved 1048576K
}
Event: 0.880 GC heap before
{Heap before GC invocations=1 (full 0):
 garbage-first heap   total 126976K, used 34798K [0x0000000084c00000, 0x0000000100000000)
  region size 1024K, 31 young (31744K), 3 survivors (3072K)
 Metaspace       used 4551K, committed 4736K, reserved 1056768K
  class space    used 507K, committed 576K, reserved 1048576K
}
Event: 0.882 GC heap after
{Heap after GC invocations=2 (full 0):
 garbage-first heap   total 126976K, used 7837K [0x0000000084c00000, 0x0000000100000000)
  region size 1024K, 1 young (1024K), 1 survivors (1024K)
 Metaspace       used 4551K, committed 4736K, reserved 1056768K
  class space    used 507K, committed 576K, reserved 1048576K
}
Event: 0.903 GC heap before
{Heap before GC invocations=2 (full 0):
 garbage-first heap   total 126976K, used 81565K [0x0000000084c00000, 0x0000000100000000)
  region size 1024K, 74 young (75776K), 1 survivors (1024K)
 Metaspace       used 4551K, committed 4736K, reserved 1056768K
  class space    used 507K, committed 576K, reserved 1048576K
}
Event: 0.903 GC heap after
{Heap after GC invocations=3 (full 0):
 garbage-first heap   total 126976K, used 7698K [0x0000000084c00000, 0x0000000100000000)
  region size 1024K, 1 young (1024K), 1 survivors (1024K)
 Metaspace       used 4551K, committed 4736K, reserved 1056768K
  class space    used 507K, committed 576K, reserved 1048576K
}
Event: 1.466 GC heap before
{Heap before GC invocations=3 (full 0):
 garbage-first heap   total 126976K, used 81426K [0x0000000084c00000, 0x0000000100000000)
  region size 1024K, 74 young (75776K), 1 survivors (1024K)
 Metaspace       used 15637K, committed 15936K, reserved 1064960K
  class space    used 2004K, committed 2176K, reserved 1048576K
}
Event: 1.470 GC heap after
{Heap after GC invocations=4 (full 0):
 garbage-first heap   total 126976K, used 10562K [0x0000000084c00000, 0x0000000100000000)
  region size 1024K, 4 young (4096K), 4 survivors (4096K)
 Metaspace       used 15637K, committed 15936K, reserved 1064960K
  class space    used 2004K, committed 2176K, reserved 1048576K
}
Event: 1.541 GC heap before
{Heap before GC invocations=4 (full 0):
 garbage-first heap   total 126976K, used 81218K [0x0000000084c00000, 0x0000000100000000)
  region size 1024K, 74 young (75776K), 4 survivors (4096K)
 Metaspace       used 16806K, committed 17024K, reserved 1064960K
  class space    used 2116K, committed 2240K, reserved 1048576K
}
Event: 1.543 GC heap after
{Heap after GC invocations=5 (full 0):
 garbage-first heap   total 126976K, used 11833K [0x0000000084c00000, 0x0000000100000000)
  region size 1024K, 5 young (5120K), 5 survivors (5120K)
 Metaspace       used 16806K, committed 17024K, reserved 1064960K
  class space    used 2116K, committed 2240K, reserved 1048576K
}
Event: 1.719 GC heap before
{Heap before GC invocations=5 (full 0):
 garbage-first heap   total 126976K, used 81465K [0x0000000084c00000, 0x0000000100000000)
  region size 1024K, 74 young (75776K), 5 survivors (5120K)
 Metaspace       used 19962K, committed 20160K, reserved 1073152K
  class space    used 2540K, committed 2624K, reserved 1048576K
}
Event: 1.722 GC heap after
{Heap after GC invocations=6 (full 0):
 garbage-first heap   total 126976K, used 13460K [0x0000000084c00000, 0x0000000100000000)
  region size 1024K, 6 young (6144K), 6 survivors (6144K)
 Metaspace       used 19962K, committed 20160K, reserved 1073152K
  class space    used 2540K, committed 2624K, reserved 1048576K
}
Event: 1.930 GC heap before
{Heap before GC invocations=6 (full 0):
 garbage-first heap   total 126976K, used 29844K [0x0000000084c00000, 0x0000000100000000)
  region size 1024K, 23 young (23552K), 6 survivors (6144K)
 Metaspace       used 21246K, committed 21504K, reserved 1073152K
  class space    used 2683K, committed 2816K, reserved 1048576K
}

Deoptimization events (20 events):
Event: 1.928 Thread 0x0000020ec76d77c0 DEOPT PACKING pc=0x0000020eb6da6b24 sp=0x0000004dec0fdec0
Event: 1.928 Thread 0x0000020ec76d77c0 DEOPT UNPACKING pc=0x0000020eaf3123a3 sp=0x0000004dec0fde58 mode 2
Event: 1.928 Thread 0x0000020ec76d77c0 Uncommon trap: trap_request=0xffffffde fr.pc=0x0000020eb6da6b24 relative=0x00000000000001a4
Event: 1.928 Thread 0x0000020ec76d77c0 Uncommon trap: reason=class_check action=maybe_recompile pc=0x0000020eb6da6b24 method=java.lang.String.equals(Ljava/lang/Object;)Z @ 8 c2
Event: 1.928 Thread 0x0000020ec76d77c0 DEOPT PACKING pc=0x0000020eb6da6b24 sp=0x0000004dec0fdec0
Event: 1.928 Thread 0x0000020ec76d77c0 DEOPT UNPACKING pc=0x0000020eaf3123a3 sp=0x0000004dec0fde58 mode 2
Event: 1.929 Thread 0x0000020ec76d77c0 Uncommon trap: trap_request=0xffffffde fr.pc=0x0000020eb6edbfe0 relative=0x0000000000000780
Event: 1.929 Thread 0x0000020ec76d77c0 Uncommon trap: reason=class_check action=maybe_recompile pc=0x0000020eb6edbfe0 method=java.lang.String.equals(Ljava/lang/Object;)Z @ 8 c2
Event: 1.929 Thread 0x0000020ec76d77c0 DEOPT PACKING pc=0x0000020eb6edbfe0 sp=0x0000004dec0fdc30
Event: 1.929 Thread 0x0000020ec76d77c0 DEOPT UNPACKING pc=0x0000020eaf3123a3 sp=0x0000004dec0fdb08 mode 2
Event: 1.929 Thread 0x0000020ec76d77c0 Uncommon trap: trap_request=0xffffffde fr.pc=0x0000020eb6da6b24 relative=0x00000000000001a4
Event: 1.929 Thread 0x0000020ec76d77c0 Uncommon trap: reason=class_check action=maybe_recompile pc=0x0000020eb6da6b24 method=java.lang.String.equals(Ljava/lang/Object;)Z @ 8 c2
Event: 1.929 Thread 0x0000020ec76d77c0 DEOPT PACKING pc=0x0000020eb6da6b24 sp=0x0000004dec0fdb60
Event: 1.929 Thread 0x0000020ec76d77c0 DEOPT UNPACKING pc=0x0000020eaf3123a3 sp=0x0000004dec0fdaf8 mode 2
Event: 1.929 Thread 0x0000020ec76d77c0 DEOPT PACKING pc=0x0000020eafcc9721 sp=0x0000004dec0fcfc0
Event: 1.929 Thread 0x0000020ec76d77c0 DEOPT UNPACKING pc=0x0000020eaf312b43 sp=0x0000004dec0fc498 mode 1
Event: 1.929 Thread 0x0000020ec76d77c0 DEOPT PACKING pc=0x0000020eafe0e0cc sp=0x0000004dec0fd050
Event: 1.929 Thread 0x0000020ec76d77c0 DEOPT UNPACKING pc=0x0000020eaf312b43 sp=0x0000004dec0fc5f0 mode 1
Event: 1.929 Thread 0x0000020ec76d77c0 DEOPT PACKING pc=0x0000020eafcc6b1c sp=0x0000004dec0fd1b0
Event: 1.929 Thread 0x0000020ec76d77c0 DEOPT UNPACKING pc=0x0000020eaf312b43 sp=0x0000004dec0fc770 mode 1

Classes unloaded (0 events):
No events

Classes redefined (0 events):
No events

Internal exceptions (20 events):
Event: 1.135 Thread 0x0000020ec76d77c0 Exception <a 'java/lang/NoSuchMethodError'{0x000000008a5f1920}: 'void java.lang.invoke.DirectMethodHandle$Holder.invokeStaticInit(java.lang.Object, java.lang.Object, java.lang.Object)'> (0x000000008a5f1920) 
thrown [t:\workspace\open\src\hotspot\share\interpreter\linkResolver.cpp, line 766]
Event: 1.141 Thread 0x0000020ec76d77c0 Exception <a 'java/lang/NoSuchMethodError'{0x000000008a44f5a0}: 'java.lang.Object java.lang.invoke.DirectMethodHandle$Holder.invokeStatic(java.lang.Object, java.lang.Object, long, java.lang.Object)'> (0x000000008a44f5a0) 
thrown [t:\workspace\open\src\hotspot\share\interpreter\linkResolver.cpp, line 766]
Event: 1.141 Thread 0x0000020ec76d77c0 Exception <a 'java/lang/NoSuchMethodError'{0x000000008a453038}: 'java.lang.Object java.lang.invoke.DirectMethodHandle$Holder.invokeStaticInit(java.lang.Object, java.lang.Object, long, java.lang.Object)'> (0x000000008a453038) 
thrown [t:\workspace\open\src\hotspot\share\interpreter\linkResolver.cpp, line 766]
Event: 1.141 Thread 0x0000020ec76d77c0 Exception <a 'java/lang/NoSuchMethodError'{0x000000008a459780}: 'java.lang.Object java.lang.invoke.DirectMethodHandle$Holder.newInvokeSpecial(java.lang.Object, java.lang.Object, long)'> (0x000000008a459780) 
thrown [t:\workspace\open\src\hotspot\share\interpreter\linkResolver.cpp, line 766]
Event: 1.142 Thread 0x0000020ec76d77c0 Exception <a 'java/lang/NoSuchMethodError'{0x000000008a45d2f0}: 'java.lang.Object java.lang.invoke.Invokers$Holder.linkToTargetMethod(java.lang.Object, long, java.lang.Object)'> (0x000000008a45d2f0) 
thrown [t:\workspace\open\src\hotspot\share\interpreter\linkResolver.cpp, line 766]
Event: 1.149 Thread 0x0000020ec76d77c0 Exception <a 'java/lang/NoSuchMethodError'{0x000000008a4c3380}: 'void java.lang.invoke.DirectMethodHandle$Holder.invokeSpecial(java.lang.Object, java.lang.Object, java.lang.Object, java.lang.Object, java.lang.Object)'> (0x000000008a4c3380) 
thrown [t:\workspace\open\src\hotspot\share\interpreter\linkResolver.cpp, line 766]
Event: 1.150 Thread 0x0000020ec76d77c0 Exception <a 'java/lang/NoSuchMethodError'{0x000000008a4cb910}: 'void java.lang.invoke.DirectMethodHandle$Holder.invokeVirtual(java.lang.Object, java.lang.Object, java.lang.Object, java.lang.Object)'> (0x000000008a4cb910) 
thrown [t:\workspace\open\src\hotspot\share\interpreter\linkResolver.cpp, line 766]
Event: 1.174 Thread 0x0000020ec76d77c0 Exception <a 'java/lang/NoSuchMethodError'{0x000000008a267558}: 'void java.lang.invoke.DirectMethodHandle$Holder.invokeSpecial(java.lang.Object, java.lang.Object, java.lang.Object)'> (0x000000008a267558) 
thrown [t:\workspace\open\src\hotspot\share\interpreter\linkResolver.cpp, line 766]
Event: 1.179 Thread 0x0000020ec76d77c0 Exception <a 'java/lang/IncompatibleClassChangeError'{0x000000008a29bd40}: Found class java.lang.Object, but interface was expected> (0x000000008a29bd40) 
thrown [t:\workspace\open\src\hotspot\share\interpreter\linkResolver.cpp, line 833]
Event: 1.367 Thread 0x0000020ec76d77c0 Exception <a 'java/lang/NoSuchMethodError'{0x0000000088abddd8}: 'java.lang.Object java.lang.invoke.DirectMethodHandle$Holder.invokeVirtual(java.lang.Object, java.lang.Object, java.lang.Object)'> (0x0000000088abddd8) 
thrown [t:\workspace\open\src\hotspot\share\interpreter\linkResolver.cpp, line 766]
Event: 1.372 Thread 0x0000020ec76d77c0 Exception <a 'sun/nio/fs/WindowsException'{0x0000000088ad9d58}> (0x0000000088ad9d58) 
thrown [t:\workspace\open\src\hotspot\share\prims\jni.cpp, line 516]
Event: 1.374 Thread 0x0000020ec76d77c0 Exception <a 'java/lang/NoSuchMethodError'{0x0000000088adc650}: 'int java.lang.invoke.DirectMethodHandle$Holder.invokeSpecial(java.lang.Object, java.lang.Object, java.lang.Object, java.lang.Object, java.lang.Object)'> (0x0000000088adc650) 
thrown [t:\workspace\open\src\hotspot\share\interpreter\linkResolver.cpp, line 766]
Event: 1.376 Thread 0x0000020ec76d77c0 Exception <a 'java/lang/NoSuchMethodError'{0x0000000088aeaaa0}: 'void java.lang.invoke.DirectMethodHandle$Holder.invokeVirtual(java.lang.Object, java.lang.Object)'> (0x0000000088aeaaa0) 
thrown [t:\workspace\open\src\hotspot\share\interpreter\linkResolver.cpp, line 766]
Event: 1.618 Thread 0x0000020ec76d77c0 Exception <a 'java/lang/IncompatibleClassChangeError'{0x0000000088cb6648}: Found class java.lang.Object, but interface was expected> (0x0000000088cb6648) 
thrown [t:\workspace\open\src\hotspot\share\interpreter\linkResolver.cpp, line 833]
Event: 1.644 Thread 0x0000020ec77fd550 Exception <a 'java/lang/NoSuchMethodError'{0x000000008883b060}: 'long java.lang.invoke.DirectMethodHandle$Holder.invokeSpecial(java.lang.Object, java.lang.Object)'> (0x000000008883b060) 
thrown [t:\workspace\open\src\hotspot\share\interpreter\linkResolver.cpp, line 766]
Event: 1.646 Thread 0x0000020ec77fd550 Exception <a 'java/lang/NoSuchMethodError'{0x0000000088845f30}: 'long java.lang.invoke.DirectMethodHandle$Holder.invokeStatic(java.lang.Object, java.lang.Object)'> (0x0000000088845f30) 
thrown [t:\workspace\open\src\hotspot\share\interpreter\linkResolver.cpp, line 766]
Event: 1.647 Thread 0x0000020ec77fd550 Exception <a 'java/lang/NoSuchMethodError'{0x0000000088849530}: 'long java.lang.invoke.DirectMethodHandle$Holder.invokeStaticInit(java.lang.Object, java.lang.Object)'> (0x0000000088849530) 
thrown [t:\workspace\open\src\hotspot\share\interpreter\linkResolver.cpp, line 766]
Event: 1.648 Thread 0x0000020ec77fd550 Exception <a 'java/lang/NoSuchMethodError'{0x00000000888d7320}: 'long java.lang.invoke.DirectMethodHandle$Holder.invokeInterface(java.lang.Object, java.lang.Object)'> (0x00000000888d7320) 
thrown [t:\workspace\open\src\hotspot\share\interpreter\linkResolver.cpp, line 766]
Event: 1.648 Thread 0x0000020ec77fd550 Exception <a 'java/lang/IncompatibleClassChangeError'{0x00000000888da8b0}: Found class java.lang.Object, but interface was expected> (0x00000000888da8b0) 
thrown [t:\workspace\open\src\hotspot\share\interpreter\linkResolver.cpp, line 833]
Event: 1.663 Thread 0x0000020ec77fd550 Exception <a 'java/lang/NoSuchMethodError'{0x0000000088795530}: 'java.lang.Object java.lang.invoke.DirectMethodHandle$Holder.invokeVirtual(java.lang.Object, java.lang.Object, java.lang.Object, java.lang.Object)'> (0x0000000088795530) 
thrown [t:\workspace\open\src\hotspot\share\interpreter\linkResolver.cpp, line 766]

VM Operations (20 events):
Event: 1.309 Executing VM operation: HandshakeAllThreads done
Event: 1.351 Executing VM operation: HandshakeAllThreads
Event: 1.351 Executing VM operation: HandshakeAllThreads done
Event: 1.463 Executing VM operation: HandshakeAllThreads
Event: 1.463 Executing VM operation: HandshakeAllThreads done
Event: 1.466 Executing VM operation: G1CollectForAllocation
Event: 1.470 Executing VM operation: G1CollectForAllocation done
Event: 1.503 Executing VM operation: HandshakeAllThreads
Event: 1.503 Executing VM operation: HandshakeAllThreads done
Event: 1.541 Executing VM operation: G1CollectForAllocation
Event: 1.543 Executing VM operation: G1CollectForAllocation done
Event: 1.705 Executing VM operation: HandshakeAllThreads
Event: 1.705 Executing VM operation: HandshakeAllThreads done
Event: 1.719 Executing VM operation: G1CollectForAllocation
Event: 1.722 Executing VM operation: G1CollectForAllocation done
Event: 1.722 Executing VM operation: Cleanup
Event: 1.722 Executing VM operation: Cleanup done
Event: 1.923 Executing VM operation: ICBufferFull
Event: 1.923 Executing VM operation: ICBufferFull done
Event: 1.930 Executing VM operation: CollectForMetadataAllocation

Events (20 events):
Event: 1.925 loading class org/springframework/context/annotation/ImportBeanDefinitionRegistrar
Event: 1.925 loading class org/springframework/context/annotation/ImportBeanDefinitionRegistrar done
Event: 1.925 loading class org/springframework/boot/autoconfigure/AutoConfigurationPackages$PackageImports
Event: 1.925 loading class org/springframework/boot/autoconfigure/AutoConfigurationPackages$PackageImports done
Event: 1.926 loading class org/springframework/boot/autoconfigure/AutoConfigurationPackages
Event: 1.926 loading class org/springframework/boot/autoconfigure/AutoConfigurationPackages done
Event: 1.926 loading class org/springframework/boot/autoconfigure/AutoConfigurationPackages$BasePackages
Event: 1.926 loading class org/springframework/boot/autoconfigure/AutoConfigurationPackages$BasePackages done
Event: 1.927 loading class org/springframework/beans/factory/config/ConstructorArgumentValues
Event: 1.927 loading class org/springframework/beans/factory/config/ConstructorArgumentValues done
Event: 1.927 loading class org/springframework/beans/factory/config/ConstructorArgumentValues$ValueHolder
Event: 1.927 loading class org/springframework/beans/factory/config/ConstructorArgumentValues$ValueHolder done
Event: 1.928 loading class org/springframework/boot/autoconfigure/condition/OnBeanCondition$BeanTypeDeductionException
Event: 1.928 loading class org/springframework/boot/autoconfigure/condition/OnBeanCondition$BeanTypeDeductionException done
Event: 1.929 loading class org/springframework/core/annotation/MergedAnnotation
Event: 1.929 loading class org/springframework/core/annotation/MergedAnnotation done
Event: 1.929 loading class org/springframework/context/support/PropertySourcesPlaceholderConfigurer
Event: 1.929 loading class org/springframework/context/support/PropertySourcesPlaceholderConfigurer done
Event: 1.930 loading class org/springframework/beans/factory/config/PlaceholderConfigurerSupport
Event: 1.930 loading class org/springframework/beans/factory/config/PlaceholderConfigurerSupport done


Dynamic libraries:
0x00007ff616bd0000 - 0x00007ff616be0000 	C:\Program Files\Java\jdk-17\bin\java.exe
0x00007ffdc7c70000 - 0x00007ffdc7e68000 	C:\WINDOWS\SYSTEM32\ntdll.dll
0x00007ffdc6c70000 - 0x00007ffdc6d2f000 	C:\WINDOWS\System32\KERNEL32.DLL
0x00007ffdc5640000 - 0x00007ffdc5912000 	C:\WINDOWS\System32\KERNELBASE.dll
0x00007ffdc5920000 - 0x00007ffdc5a20000 	C:\WINDOWS\System32\ucrtbase.dll
0x00007ffdc1dc0000 - 0x00007ffdc1dd8000 	C:\Program Files\Java\jdk-17\bin\jli.dll
0x00007ffdc02c0000 - 0x00007ffdc02da000 	C:\Program Files\Java\jdk-17\bin\VCRUNTIME140.dll
0x00007ffdc7b80000 - 0x00007ffdc7c2e000 	C:\WINDOWS\System32\ADVAPI32.dll
0x00007ffdc6160000 - 0x00007ffdc61fe000 	C:\WINDOWS\System32\msvcrt.dll
0x00007ffdc6a40000 - 0x00007ffdc6adc000 	C:\WINDOWS\System32\sechost.dll
0x00007ffdc6200000 - 0x00007ffdc6325000 	C:\WINDOWS\System32\RPCRT4.dll
0x00007ffdc6330000 - 0x00007ffdc64d1000 	C:\WINDOWS\System32\USER32.dll
0x00007ffda2660000 - 0x00007ffda28fa000 	C:\WINDOWS\WinSxS\amd64_microsoft.windows.common-controls_6595b64144ccf1df_6.0.19041.1110_none_60b5254171f9507e\COMCTL32.dll
0x00007ffdc54b0000 - 0x00007ffdc54d2000 	C:\WINDOWS\System32\win32u.dll
0x00007ffdc6a10000 - 0x00007ffdc6a3b000 	C:\WINDOWS\System32\GDI32.dll
0x00007ffdc54e0000 - 0x00007ffdc55ef000 	C:\WINDOWS\System32\gdi32full.dll
0x00007ffdc5b80000 - 0x00007ffdc5c1d000 	C:\WINDOWS\System32\msvcp_win.dll
0x00007ffdc0280000 - 0x00007ffdc028a000 	C:\WINDOWS\SYSTEM32\VERSION.dll
0x00007ffdc68a0000 - 0x00007ffdc68d2000 	C:\WINDOWS\System32\IMM32.DLL
0x0000020ea62a0000 - 0x0000020ea62b4000 	C:\WINDOWS\System32\umppc17706.dll
0x00007ffdc02b0000 - 0x00007ffdc02bc000 	C:\Program Files\Java\jdk-17\bin\vcruntime140_1.dll
0x00007ffd8add0000 - 0x00007ffd8ae5d000 	C:\Program Files\Java\jdk-17\bin\msvcp140.dll
0x00007ffd26f00000 - 0x00007ffd27abe000 	C:\Program Files\Java\jdk-17\bin\server\jvm.dll
0x00007ffdc64e0000 - 0x00007ffdc64e8000 	C:\WINDOWS\System32\PSAPI.DLL
0x00007ffd9dfb0000 - 0x00007ffd9dfb9000 	C:\WINDOWS\SYSTEM32\WSOCK32.dll
0x00007ffdc67d0000 - 0x00007ffdc683b000 	C:\WINDOWS\System32\WS2_32.dll
0x00007ffdb56b0000 - 0x00007ffdb56d7000 	C:\WINDOWS\SYSTEM32\WINMM.dll
0x00007ffdc31a0000 - 0x00007ffdc31b2000 	C:\WINDOWS\SYSTEM32\kernel.appcore.dll
0x00007ffdbda90000 - 0x00007ffdbda9a000 	C:\Program Files\Java\jdk-17\bin\jimage.dll
0x00007ffda3380000 - 0x00007ffda3564000 	C:\WINDOWS\SYSTEM32\DBGHELP.DLL
0x00007ffda32b0000 - 0x00007ffda32e5000 	C:\WINDOWS\SYSTEM32\dbgcore.DLL
0x00007ffdc5c20000 - 0x00007ffdc5ca2000 	C:\WINDOWS\System32\bcryptPrimitives.dll
0x00007ffd8ad90000 - 0x00007ffd8adcb000 	C:\Program Files\Java\jdk-17\bin\jdwp.dll
0x00007ffd8de20000 - 0x00007ffd8de2e000 	C:\Program Files\Java\jdk-17\bin\instrument.dll
0x00007ffda3ec0000 - 0x00007ffda3ee5000 	C:\Program Files\Java\jdk-17\bin\java.dll
0x00007ffd78320000 - 0x00007ffd783f6000 	C:\Program Files\Java\jdk-17\bin\svml.dll
0x00007ffdc73b0000 - 0x00007ffdc7af4000 	C:\WINDOWS\System32\SHELL32.dll
0x00007ffdc33a0000 - 0x00007ffdc3b32000 	C:\WINDOWS\SYSTEM32\windows.storage.dll
0x00007ffdc5cb0000 - 0x00007ffdc6005000 	C:\WINDOWS\System32\combase.dll
0x00007ffdc4c00000 - 0x00007ffdc4c30000 	C:\WINDOWS\SYSTEM32\Wldp.dll
0x00007ffdc64f0000 - 0x00007ffdc659d000 	C:\WINDOWS\System32\SHCORE.dll
0x00007ffdc60f0000 - 0x00007ffdc6145000 	C:\WINDOWS\System32\shlwapi.dll
0x00007ffdc52a0000 - 0x00007ffdc52bf000 	C:\WINDOWS\SYSTEM32\profapi.dll
0x00007ffd8de10000 - 0x00007ffd8de1c000 	C:\Program Files\Java\jdk-17\bin\dt_socket.dll
0x00007ffdc46f0000 - 0x00007ffdc472b000 	C:\WINDOWS\SYSTEM32\IPHLPAPI.DLL
0x00007ffdc49e0000 - 0x00007ffdc4a4a000 	C:\WINDOWS\system32\mswsock.dll
0x00007ffd8de30000 - 0x00007ffd8de48000 	C:\Program Files\Java\jdk-17\bin\zip.dll
0x00007ffd99c40000 - 0x00007ffd99c59000 	C:\Program Files\Java\jdk-17\bin\net.dll
0x00007ffdbf400000 - 0x00007ffdbf50c000 	C:\WINDOWS\SYSTEM32\WINHTTP.dll
0x00007ffd8df80000 - 0x00007ffd8df95000 	C:\Program Files\Java\jdk-17\bin\nio.dll
0x00007ffda3eb0000 - 0x00007ffda3eb9000 	C:\Program Files\Java\jdk-17\bin\management.dll
0x00007ffda3740000 - 0x00007ffda374b000 	C:\Program Files\Java\jdk-17\bin\management_ext.dll
0x00007ffda3300000 - 0x00007ffda330e000 	C:\Program Files\Java\jdk-17\bin\sunmscapi.dll
0x00007ffdc5a20000 - 0x00007ffdc5b76000 	C:\WINDOWS\System32\CRYPT32.dll
0x00007ffdc4d30000 - 0x00007ffdc4d57000 	C:\WINDOWS\SYSTEM32\ncrypt.dll
0x00007ffdc4cc0000 - 0x00007ffdc4cfb000 	C:\WINDOWS\SYSTEM32\NTASN1.dll

dbghelp: loaded successfully - version: 4.0.5 - missing functions: none
symbol engine: initialized successfully - sym options: 0x614 - pdb path: .;C:\Program Files\Java\jdk-17\bin;C:\WINDOWS\SYSTEM32;C:\WINDOWS\WinSxS\amd64_microsoft.windows.common-controls_6595b64144ccf1df_6.0.19041.1110_none_60b5254171f9507e;C:\Program Files\Java\jdk-17\bin\server

VM Arguments:
jvm_args: -agentlib:jdwp=transport=dt_socket,address=127.0.0.1:56012,suspend=y,server=n -javaagent:C:\Users\beckerm\AppData\Local\JetBrains\IdeaIC2021.1\captureAgent\debugger-agent.jar -Dfile.encoding=UTF-8 
java_command: com.patch.atividade.AtividadeApplication
java_class_path (initial): C:\Users\beckerm\Desktop\SpringExercise\target\classes;C:\Users\beckerm\.m2\repository\org\springframework\boot\spring-boot-starter-data-jpa\3.2.2\spring-boot-starter-data-jpa-3.2.2.jar;C:\Users\beckerm\.m2\repository\org\springframework\boot\spring-boot-starter-aop\3.2.2\spring-boot-starter-aop-3.2.2.jar;C:\Users\beckerm\.m2\repository\org\aspectj\aspectjweaver\1.9.21\aspectjweaver-1.9.21.jar;C:\Users\beckerm\.m2\repository\org\springframework\boot\spring-boot-starter-jdbc\3.2.2\spring-boot-starter-jdbc-3.2.2.jar;C:\Users\beckerm\.m2\repository\com\zaxxer\HikariCP\5.0.1\HikariCP-5.0.1.jar;C:\Users\beckerm\.m2\repository\org\springframework\spring-jdbc\6.1.3\spring-jdbc-6.1.3.jar;C:\Users\beckerm\.m2\repository\org\hibernate\orm\hibernate-core\6.4.1.Final\hibernate-core-6.4.1.Final.jar;C:\Users\beckerm\.m2\repository\jakarta\persistence\jakarta.persistence-api\3.1.0\jakarta.persistence-api-3.1.0.jar;C:\Users\beckerm\.m2\repository\jakarta\transaction\jakarta.transaction-api\2.0.1\jakarta.transaction-api-2.0.1.jar;C:\Users\beckerm\.m2\repository\org\jboss\logging\jboss-logging\3.5.3.Final\jboss-logging-3.5.3.Final.jar;C:\Users\beckerm\.m2\repository\org\hibernate\common\hibernate-commons-annotations\6.0.6.Final\hibernate-commons-annotations-6.0.6.Final.jar;C:\Users\beckerm\.m2\repository\io\smallrye\jandex\3.1.2\jandex-3.1.2.jar;C:\Users\beckerm\.m2\repository\com\fasterxml\classmate\1.6.0\classmate-1.6.0.jar;C:\Users\beckerm\.m2\repository\net\bytebuddy\byte-buddy\1.14.11\byte-buddy-1.14.11.jar;C:\Users\beckerm\.m2\repository\org\glassfish\jaxb\jaxb-runtime\4.0.4\jaxb-runtime-4.0.4.jar;C:\Users\beckerm\.m2\repository\org\glassfish\jaxb\jaxb-core\4.0.4\jaxb-core-4.0.4.jar;C:\Users\beckerm\.m2\repository\org\eclipse\angus\angus-activation\2.0.1\angus-activation-2.0.1.jar;C:\Users\beckerm\.m2\repository\org\glassfish\jaxb\txw2\4.0.4\txw2-4.0.4.jar;C:\Users\beckerm\.m2\repository\com\sun\istack\istack-commons-runtime\4.1.2\istack-commons-run
Launcher Type: SUN_STANDARD

[Global flags]
     intx CICompilerCount                          = 4                                         {product} {ergonomic}
     uint ConcGCThreads                            = 2                                         {product} {ergonomic}
     uint G1ConcRefinementThreads                  = 8                                         {product} {ergonomic}
   size_t G1HeapRegionSize                         = 1048576                                   {product} {ergonomic}
    uintx GCDrainStackTargetSize                   = 64                                        {product} {ergonomic}
   size_t InitialHeapSize                          = 130023424                                 {product} {ergonomic}
   size_t MarkStackSize                            = 4194304                                   {product} {ergonomic}
   size_t MaxHeapSize                              = 2067791872                                {product} {ergonomic}
   size_t MaxNewSize                               = 1240465408                                {product} {ergonomic}
   size_t MinHeapDeltaBytes                        = 1048576                                   {product} {ergonomic}
   size_t MinHeapSize                              = 8388608                                   {product} {ergonomic}
    uintx NonNMethodCodeHeapSize                   = 5839372                                {pd product} {ergonomic}
    uintx NonProfiledCodeHeapSize                  = 122909434                              {pd product} {ergonomic}
    uintx ProfiledCodeHeapSize                     = 122909434                              {pd product} {ergonomic}
    uintx ReservedCodeCacheSize                    = 251658240                              {pd product} {ergonomic}
     bool SegmentedCodeCache                       = true                                      {product} {ergonomic}
   size_t SoftMaxHeapSize                          = 2067791872                             {manageable} {ergonomic}
     bool UseCompressedClassPointers               = true                           {product lp64_product} {ergonomic}
     bool UseCompressedOops                        = true                           {product lp64_product} {ergonomic}
     bool UseG1GC                                  = true                                      {product} {ergonomic}
     bool UseLargePagesIndividualAllocation        = false                                  {pd product} {ergonomic}

Logging:
Log output configuration:
 #0: stdout all=warning uptime,level,tags
 #1: stderr all=off uptime,level,tags

Environment Variables:
JAVA_HOME=C:\Program Files\Java\jdk1.8.0_111
PATH=C:\Program Files (x86)\VMware\VMware Player\bin\;C:\Program Files\Common Files\Oracle\Java\javapath;C:\Python39\Scripts\;C:\Python39\;C:\ProgramData\Oracle\Java\javapath;C:\app\Administrador\product\18.0.0\dbhomeXE\bin;C:\Program Files (x86)\Microchip\mplabc18\v3.47\mpasm;C:\Program Files (x86)\Microchip\mplabc18\v3.47\bin;C:\Python38\Scripts\;C:\Python38\;C:\Program Files (x86)\Common Files\Oracle\Java\javapath;C:\WINDOWS\system32;C:\WINDOWS;C:\WINDOWS\System32\Wbem;C:\WINDOWS\System32\WindowsPowerShell\v1.0\;C:\WINDOWS\System32\OpenSSH\;C:\Program Files (x86)\IronRuby 1.1\bin;C:\Program Files\Microsoft SQL Server\120\Tools\Binn\;C:\Program Files\Microsoft SQL Server\Client SDK\ODBC\110\Tools\Binn\;C:\Program Files (x86)\IVI Foundation\VISA\WinNT\Bin;C:\Program Files (x86)\Windows Live\Shared;C:\ProgramData\chocolatey\bin;C:\Program Files (x86)\Microchip\MPLAB C32 Suite\bin;C:\Program Files (x86)\Microsoft SQL Server\120\Tools\Binn\;C:\Program Files\Microsoft SQL Server\120\DTS\Binn\;C:\Program Files (x86)\Windows Kits\8.1\Windows Performance Toolkit\;C:\Program Files (x86)\P-CAD 2006 Viewer\;C:\Program Files (x86)\Brackets\command;C:\Users\Aluno\AppData\Roaming\npm;C:\Program Files\dotnet\;C:\Program Files\Microsoft SQL Server\130\Tools\Binn\;C:\Program Files\Microsoft SQL Server\Client SDK\ODBC\170\Tools\Binn\;c:\src\flutter;C:\ProgramData\UNIVALI\Portugol Studio;C:\Program Files\Git\cmd;C:\Program Files (x86)\Yarn\bin\;C:\Program Files\Android\Sdk\emulator;C:\Program Files\Android\Sdk\tools;C:\Program Files\Android\Sdk\tools\bin;C:\Program Files\Android\Sdk\platform-tools;C:\Program Files (x86)\Yarn\bin;C:\Program Files\MATLAB\R2021a\runtime\win64;C:\Program Files\MATLAB\R2021a\bin;;C:\Program Files\Docker\Docker\resources\bin;C:\ProgramData\DockerDesktop\version-bin;C:\Program Files\nodejs\;C:\Program Files\PuTTY\;C:\Users\beckerm\AppData\Local\Microsoft\WindowsApps;C:\Users\beckerm\AppData\Local\Programs\Microsoft VS Code\bin
USERNAME=beckerm
OS=Windows_NT
PROCESSOR_IDENTIFIER=Intel64 Family 6 Model 151 Stepping 5, GenuineIntel



---------------  S Y S T E M  ---------------

OS:
 Windows 10 , 64 bit Build 19041 (10.0.19041.2364)
OS uptime: 0 days 0:54 hours
Hyper-V role detected

CPU: total 8 (initial active 8) (4 cores per cpu, 2 threads per core) family 6 model 151 stepping 5 microcode 0x26, cx8, cmov, fxsr, ht, mmx, 3dnowpref, sse, sse2, sse3, ssse3, sse4.1, sse4.2, popcnt, lzcnt, tsc, tscinvbit, avx, avx2, aes, erms, clmul, bmi1, bmi2, adx, sha, fma, vzeroupper, clflush, clflushopt, clwb, hv

Memory: 4k page, system-wide physical 7880M (620M free)
TotalPageFile size 11839M (AvailPageFile size 60M)
current process WorkingSet (physical memory assigned to process): 211M, peak: 212M
current process commit charge ("private bytes"): 291M, peak: 352M

vm_info: Java HotSpot(TM) 64-Bit Server VM (17+35-LTS-2724) for windows-amd64 JRE (17+35-LTS-2724), built on Aug  5 2021 23:28:28 by "mach5one" with MS VC++ 16.8 (VS2019)

END.
